06-May-2017 18:04:15.654 信息 [main] org.apache.catalina.startup.VersionLoggerListener.log Server version:        Apache Tomcat/9.0.0.M20
06-May-2017 18:04:15.670 信息 [main] org.apache.catalina.startup.VersionLoggerListener.log Server built:          Apr 12 2017 19:27:10 UTC
06-May-2017 18:04:15.670 信息 [main] org.apache.catalina.startup.VersionLoggerListener.log Server number:         9.0.0.0
06-May-2017 18:04:15.670 信息 [main] org.apache.catalina.startup.VersionLoggerListener.log OS Name:               Windows 10
06-May-2017 18:04:15.670 信息 [main] org.apache.catalina.startup.VersionLoggerListener.log OS Version:            10.0
06-May-2017 18:04:15.670 信息 [main] org.apache.catalina.startup.VersionLoggerListener.log Architecture:          amd64
06-May-2017 18:04:15.670 信息 [main] org.apache.catalina.startup.VersionLoggerListener.log Java Home:             C:\Program Files\Java\jdk1.8.0_77\jre
06-May-2017 18:04:15.670 信息 [main] org.apache.catalina.startup.VersionLoggerListener.log JVM Version:           1.8.0_77-b03
06-May-2017 18:04:15.670 信息 [main] org.apache.catalina.startup.VersionLoggerListener.log JVM Vendor:            Oracle Corporation
06-May-2017 18:04:15.670 信息 [main] org.apache.catalina.startup.VersionLoggerListener.log CATALINA_BASE:         C:\Users\HAN\Desktop\apache-tomcat-9.0.0.M20
06-May-2017 18:04:15.670 信息 [main] org.apache.catalina.startup.VersionLoggerListener.log CATALINA_HOME:         C:\Users\HAN\Desktop\apache-tomcat-9.0.0.M20
06-May-2017 18:04:15.670 信息 [main] org.apache.catalina.startup.VersionLoggerListener.log Command line argument: -Djava.util.logging.config.file=C:\Users\HAN\Desktop\apache-tomcat-9.0.0.M20\conf\logging.properties
06-May-2017 18:04:15.670 信息 [main] org.apache.catalina.startup.VersionLoggerListener.log Command line argument: -Djava.util.logging.manager=org.apache.juli.ClassLoaderLogManager
06-May-2017 18:04:15.670 信息 [main] org.apache.catalina.startup.VersionLoggerListener.log Command line argument: -Djdk.tls.ephemeralDHKeySize=2048
06-May-2017 18:04:15.685 信息 [main] org.apache.catalina.startup.VersionLoggerListener.log Command line argument: -Djava.protocol.handler.pkgs=org.apache.catalina.webresources
06-May-2017 18:04:15.685 信息 [main] org.apache.catalina.startup.VersionLoggerListener.log Command line argument: -Dcatalina.base=C:\Users\HAN\Desktop\apache-tomcat-9.0.0.M20
06-May-2017 18:04:15.685 信息 [main] org.apache.catalina.startup.VersionLoggerListener.log Command line argument: -Dcatalina.home=C:\Users\HAN\Desktop\apache-tomcat-9.0.0.M20
06-May-2017 18:04:15.685 信息 [main] org.apache.catalina.startup.VersionLoggerListener.log Command line argument: -Djava.io.tmpdir=C:\Users\HAN\Desktop\apache-tomcat-9.0.0.M20\temp
06-May-2017 18:04:15.685 信息 [main] org.apache.catalina.core.AprLifecycleListener.lifecycleEvent The APR based Apache Tomcat Native library which allows optimal performance in production environments was not found on the java.library.path: [C:\Program Files\Java\jdk1.8.0_77\bin;C:\WINDOWS\Sun\Java\bin;C:\WINDOWS\system32;C:\WINDOWS;C:\ProgramData\Oracle\Java\javapath;C:\Windows\system32;C:\Windows;C:\Windows\System32\Wbem;C:\Windows\System32\WindowsPowerShell\v1.0\;C:\Program Files (x86)\NVIDIA Corporation\PhysX\Common;C:\WINDOWS\system32;C:\WINDOWS;C:\WINDOWS\System32\Wbem;C:\WINDOWS\System32\WindowsPowerShell\v1.0\;C:\Program Files\Microsoft SQL Server\130\Tools\Binn\;C:\Program Files (x86)\Windows Kits\10\Windows Performance Toolkit\;C:\Program Files\MySQL\MySQL Utilities 1.6\;C:\Program Files\Java\jdk1.8.0_77\bin;C:\Program Files\Java\jdk1.8.0_77\jre\bin;C:\Users\HAN\AppData\Local\Microsoft\WindowsApps;;.]
06-May-2017 18:04:16.045 信息 [main] org.apache.coyote.AbstractProtocol.init Initializing ProtocolHandler ["http-nio-8080"]
06-May-2017 18:04:16.076 信息 [main] org.apache.tomcat.util.net.NioSelectorPool.getSharedSelector Using a shared selector for servlet write/read
06-May-2017 18:04:16.076 信息 [main] org.apache.coyote.AbstractProtocol.init Initializing ProtocolHandler ["ajp-nio-8009"]
06-May-2017 18:04:16.076 信息 [main] org.apache.tomcat.util.net.NioSelectorPool.getSharedSelector Using a shared selector for servlet write/read
06-May-2017 18:04:16.076 信息 [main] org.apache.catalina.startup.Catalina.load Initialization processed in 721 ms
06-May-2017 18:04:16.091 信息 [main] org.apache.catalina.core.StandardService.startInternal Starting service [Catalina]
06-May-2017 18:04:16.091 信息 [main] org.apache.catalina.core.StandardEngine.startInternal Starting Servlet Engine: Apache Tomcat/9.0.0.M20
06-May-2017 18:04:16.123 信息 [main] org.apache.catalina.startup.HostConfig.deployWAR Deploying web application archive [C:\Users\HAN\Desktop\apache-tomcat-9.0.0.M20\webapps\cloud.war]
06-May-2017 18:04:16.810 信息 [main] org.apache.jasper.servlet.TldScanner.scanJars At least one JAR was scanned for TLDs yet contained no TLDs. Enable debug logging for this logger for a complete list of JARs that were scanned but no TLDs were found in them. Skipping unneeded JARs during scanning can improve startup time and JSP compilation time.
06-May-2017 18:04:16.888 信息 [main] org.apache.catalina.startup.HostConfig.deployWAR Deployment of web application archive [C:\Users\HAN\Desktop\apache-tomcat-9.0.0.M20\webapps\cloud.war] has finished in [765] ms
06-May-2017 18:04:16.888 信息 [main] org.apache.catalina.startup.HostConfig.deployDirectory Deploying web application directory [C:\Users\HAN\Desktop\apache-tomcat-9.0.0.M20\webapps\docs]
06-May-2017 18:04:16.904 信息 [main] org.apache.catalina.startup.HostConfig.deployDirectory Deployment of web application directory [C:\Users\HAN\Desktop\apache-tomcat-9.0.0.M20\webapps\docs] has finished in [16] ms
06-May-2017 18:04:16.904 信息 [main] org.apache.catalina.startup.HostConfig.deployDirectory Deploying web application directory [C:\Users\HAN\Desktop\apache-tomcat-9.0.0.M20\webapps\examples]
06-May-2017 18:04:17.092 信息 [main] org.apache.catalina.startup.HostConfig.deployDirectory Deployment of web application directory [C:\Users\HAN\Desktop\apache-tomcat-9.0.0.M20\webapps\examples] has finished in [188] ms
06-May-2017 18:04:17.092 信息 [main] org.apache.catalina.startup.HostConfig.deployDirectory Deploying web application directory [C:\Users\HAN\Desktop\apache-tomcat-9.0.0.M20\webapps\host-manager]
06-May-2017 18:04:17.107 信息 [main] org.apache.catalina.startup.HostConfig.deployDirectory Deployment of web application directory [C:\Users\HAN\Desktop\apache-tomcat-9.0.0.M20\webapps\host-manager] has finished in [15] ms
06-May-2017 18:04:17.107 信息 [main] org.apache.catalina.startup.HostConfig.deployDirectory Deploying web application directory [C:\Users\HAN\Desktop\apache-tomcat-9.0.0.M20\webapps\manager]
06-May-2017 18:04:17.123 信息 [main] org.apache.catalina.startup.HostConfig.deployDirectory Deployment of web application directory [C:\Users\HAN\Desktop\apache-tomcat-9.0.0.M20\webapps\manager] has finished in [16] ms
06-May-2017 18:04:17.123 信息 [main] org.apache.catalina.startup.HostConfig.deployDirectory Deploying web application directory [C:\Users\HAN\Desktop\apache-tomcat-9.0.0.M20\webapps\ROOT]
06-May-2017 18:04:17.138 信息 [main] org.apache.catalina.startup.HostConfig.deployDirectory Deployment of web application directory [C:\Users\HAN\Desktop\apache-tomcat-9.0.0.M20\webapps\ROOT] has finished in [15] ms
06-May-2017 18:04:17.138 信息 [main] org.apache.coyote.AbstractProtocol.start Starting ProtocolHandler ["http-nio-8080"]
06-May-2017 18:04:17.138 信息 [main] org.apache.coyote.AbstractProtocol.start Starting ProtocolHandler ["ajp-nio-8009"]
06-May-2017 18:04:17.154 信息 [main] org.apache.catalina.startup.Catalina.start Server startup in 1074 ms
06-May-2017 18:05:31.028 信息 [Thread-5] org.apache.coyote.AbstractProtocol.pause Pausing ProtocolHandler ["http-nio-8080"]
06-May-2017 18:05:31.122 信息 [Thread-5] org.apache.coyote.AbstractProtocol.pause Pausing ProtocolHandler ["ajp-nio-8009"]
06-May-2017 18:05:31.200 信息 [Thread-5] org.apache.catalina.core.StandardService.stopInternal Stopping service [Catalina]
06-May-2017 18:05:31.216 信息 [Thread-5] org.apache.coyote.AbstractProtocol.stop Stopping ProtocolHandler ["http-nio-8080"]
06-May-2017 18:05:31.216 信息 [Thread-5] org.apache.coyote.AbstractProtocol.stop Stopping ProtocolHandler ["ajp-nio-8009"]
06-May-2017 18:05:31.232 信息 [Thread-5] org.apache.coyote.AbstractProtocol.destroy Destroying ProtocolHandler ["http-nio-8080"]
06-May-2017 18:05:31.232 信息 [Thread-5] org.apache.coyote.AbstractProtocol.destroy Destroying ProtocolHandler ["ajp-nio-8009"]
06-May-2017 18:07:55.726 信息 [main] org.apache.catalina.startup.VersionLoggerListener.log Server version:        Apache Tomcat/9.0.0.M20
06-May-2017 18:07:55.726 信息 [main] org.apache.catalina.startup.VersionLoggerListener.log Server built:          Apr 12 2017 19:27:10 UTC
06-May-2017 18:07:55.726 信息 [main] org.apache.catalina.startup.VersionLoggerListener.log Server number:         9.0.0.0
06-May-2017 18:07:55.726 信息 [main] org.apache.catalina.startup.VersionLoggerListener.log OS Name:               Windows 10
06-May-2017 18:07:55.726 信息 [main] org.apache.catalina.startup.VersionLoggerListener.log OS Version:            10.0
06-May-2017 18:07:55.726 信息 [main] org.apache.catalina.startup.VersionLoggerListener.log Architecture:          amd64
06-May-2017 18:07:55.726 信息 [main] org.apache.catalina.startup.VersionLoggerListener.log Java Home:             C:\Program Files\Java\jdk1.8.0_77\jre
06-May-2017 18:07:55.726 信息 [main] org.apache.catalina.startup.VersionLoggerListener.log JVM Version:           1.8.0_77-b03
06-May-2017 18:07:55.726 信息 [main] org.apache.catalina.startup.VersionLoggerListener.log JVM Vendor:            Oracle Corporation
06-May-2017 18:07:55.726 信息 [main] org.apache.catalina.startup.VersionLoggerListener.log CATALINA_BASE:         C:\Users\HAN\Desktop\apache-tomcat-9.0.0.M20
06-May-2017 18:07:55.726 信息 [main] org.apache.catalina.startup.VersionLoggerListener.log CATALINA_HOME:         C:\Users\HAN\Desktop\apache-tomcat-9.0.0.M20
06-May-2017 18:07:55.726 信息 [main] org.apache.catalina.startup.VersionLoggerListener.log Command line argument: -Djava.util.logging.config.file=C:\Users\HAN\Desktop\apache-tomcat-9.0.0.M20\conf\logging.properties
06-May-2017 18:07:55.726 信息 [main] org.apache.catalina.startup.VersionLoggerListener.log Command line argument: -Djava.util.logging.manager=org.apache.juli.ClassLoaderLogManager
06-May-2017 18:07:55.726 信息 [main] org.apache.catalina.startup.VersionLoggerListener.log Command line argument: -Djdk.tls.ephemeralDHKeySize=2048
06-May-2017 18:07:55.726 信息 [main] org.apache.catalina.startup.VersionLoggerListener.log Command line argument: -Djava.protocol.handler.pkgs=org.apache.catalina.webresources
06-May-2017 18:07:55.726 信息 [main] org.apache.catalina.startup.VersionLoggerListener.log Command line argument: -Dcatalina.base=C:\Users\HAN\Desktop\apache-tomcat-9.0.0.M20
06-May-2017 18:07:55.726 信息 [main] org.apache.catalina.startup.VersionLoggerListener.log Command line argument: -Dcatalina.home=C:\Users\HAN\Desktop\apache-tomcat-9.0.0.M20
06-May-2017 18:07:55.726 信息 [main] org.apache.catalina.startup.VersionLoggerListener.log Command line argument: -Djava.io.tmpdir=C:\Users\HAN\Desktop\apache-tomcat-9.0.0.M20\temp
06-May-2017 18:07:55.726 信息 [main] org.apache.catalina.core.AprLifecycleListener.lifecycleEvent The APR based Apache Tomcat Native library which allows optimal performance in production environments was not found on the java.library.path: [C:\Program Files\Java\jdk1.8.0_77\bin;C:\WINDOWS\Sun\Java\bin;C:\WINDOWS\system32;C:\WINDOWS;C:\ProgramData\Oracle\Java\javapath;C:\Windows\system32;C:\Windows;C:\Windows\System32\Wbem;C:\Windows\System32\WindowsPowerShell\v1.0\;C:\Program Files (x86)\NVIDIA Corporation\PhysX\Common;C:\WINDOWS\system32;C:\WINDOWS;C:\WINDOWS\System32\Wbem;C:\WINDOWS\System32\WindowsPowerShell\v1.0\;C:\Program Files\Microsoft SQL Server\130\Tools\Binn\;C:\Program Files (x86)\Windows Kits\10\Windows Performance Toolkit\;C:\Program Files\MySQL\MySQL Utilities 1.6\;C:\Program Files\Java\jdk1.8.0_77\bin;C:\Program Files\Java\jdk1.8.0_77\jre\bin;C:\Users\HAN\AppData\Local\Microsoft\WindowsApps;;.]
06-May-2017 18:07:55.820 信息 [main] org.apache.coyote.AbstractProtocol.init Initializing ProtocolHandler ["http-nio-8080"]
06-May-2017 18:07:55.835 信息 [main] org.apache.tomcat.util.net.NioSelectorPool.getSharedSelector Using a shared selector for servlet write/read
06-May-2017 18:07:55.835 信息 [main] org.apache.coyote.AbstractProtocol.init Initializing ProtocolHandler ["ajp-nio-8009"]
06-May-2017 18:07:55.835 信息 [main] org.apache.tomcat.util.net.NioSelectorPool.getSharedSelector Using a shared selector for servlet write/read
06-May-2017 18:07:55.835 信息 [main] org.apache.catalina.startup.Catalina.load Initialization processed in 373 ms
06-May-2017 18:07:55.851 信息 [main] org.apache.catalina.core.StandardService.startInternal Starting service [Catalina]
06-May-2017 18:07:55.851 信息 [main] org.apache.catalina.core.StandardEngine.startInternal Starting Servlet Engine: Apache Tomcat/9.0.0.M20
06-May-2017 18:07:55.867 信息 [main] org.apache.catalina.startup.HostConfig.deployWAR Deploying web application archive [C:\Users\HAN\Desktop\apache-tomcat-9.0.0.M20\webapps\cloud.war]
06-May-2017 18:07:56.226 信息 [main] org.apache.jasper.servlet.TldScanner.scanJars At least one JAR was scanned for TLDs yet contained no TLDs. Enable debug logging for this logger for a complete list of JARs that were scanned but no TLDs were found in them. Skipping unneeded JARs during scanning can improve startup time and JSP compilation time.
06-May-2017 18:07:56.289 信息 [main] org.apache.catalina.startup.HostConfig.deployWAR Deployment of web application archive [C:\Users\HAN\Desktop\apache-tomcat-9.0.0.M20\webapps\cloud.war] has finished in [422] ms
06-May-2017 18:07:56.289 信息 [main] org.apache.catalina.startup.HostConfig.deployDirectory Deploying web application directory [C:\Users\HAN\Desktop\apache-tomcat-9.0.0.M20\webapps\docs]
06-May-2017 18:07:56.304 信息 [main] org.apache.catalina.startup.HostConfig.deployDirectory Deployment of web application directory [C:\Users\HAN\Desktop\apache-tomcat-9.0.0.M20\webapps\docs] has finished in [15] ms
06-May-2017 18:07:56.304 信息 [main] org.apache.catalina.startup.HostConfig.deployDirectory Deploying web application directory [C:\Users\HAN\Desktop\apache-tomcat-9.0.0.M20\webapps\examples]
06-May-2017 18:07:56.460 信息 [main] org.apache.catalina.startup.HostConfig.deployDirectory Deployment of web application directory [C:\Users\HAN\Desktop\apache-tomcat-9.0.0.M20\webapps\examples] has finished in [156] ms
06-May-2017 18:07:56.460 信息 [main] org.apache.catalina.startup.HostConfig.deployDirectory Deploying web application directory [C:\Users\HAN\Desktop\apache-tomcat-9.0.0.M20\webapps\host-manager]
06-May-2017 18:07:56.492 信息 [main] org.apache.catalina.startup.HostConfig.deployDirectory Deployment of web application directory [C:\Users\HAN\Desktop\apache-tomcat-9.0.0.M20\webapps\host-manager] has finished in [32] ms
06-May-2017 18:07:56.492 信息 [main] org.apache.catalina.startup.HostConfig.deployDirectory Deploying web application directory [C:\Users\HAN\Desktop\apache-tomcat-9.0.0.M20\webapps\manager]
06-May-2017 18:07:56.507 信息 [main] org.apache.catalina.startup.HostConfig.deployDirectory Deployment of web application directory [C:\Users\HAN\Desktop\apache-tomcat-9.0.0.M20\webapps\manager] has finished in [15] ms
06-May-2017 18:07:56.507 信息 [main] org.apache.catalina.startup.HostConfig.deployDirectory Deploying web application directory [C:\Users\HAN\Desktop\apache-tomcat-9.0.0.M20\webapps\ROOT]
06-May-2017 18:07:56.507 信息 [main] org.apache.catalina.startup.HostConfig.deployDirectory Deployment of web application directory [C:\Users\HAN\Desktop\apache-tomcat-9.0.0.M20\webapps\ROOT] has finished in [0] ms
06-May-2017 18:07:56.507 信息 [main] org.apache.coyote.AbstractProtocol.start Starting ProtocolHandler ["http-nio-8080"]
06-May-2017 18:07:56.523 信息 [main] org.apache.coyote.AbstractProtocol.start Starting ProtocolHandler ["ajp-nio-8009"]
06-May-2017 18:07:56.523 信息 [main] org.apache.catalina.startup.Catalina.start Server startup in 686 ms
06-May-2017 18:08:12.510 信息 [Thread-5] org.apache.coyote.AbstractProtocol.pause Pausing ProtocolHandler ["http-nio-8080"]
06-May-2017 18:08:12.588 信息 [Thread-5] org.apache.coyote.AbstractProtocol.pause Pausing ProtocolHandler ["ajp-nio-8009"]
06-May-2017 18:08:12.666 信息 [Thread-5] org.apache.catalina.core.StandardService.stopInternal Stopping service [Catalina]
06-May-2017 18:08:12.682 信息 [Thread-5] org.apache.coyote.AbstractProtocol.stop Stopping ProtocolHandler ["http-nio-8080"]
06-May-2017 18:08:12.698 信息 [Thread-5] org.apache.coyote.AbstractProtocol.stop Stopping ProtocolHandler ["ajp-nio-8009"]
06-May-2017 18:08:12.698 信息 [Thread-5] org.apache.coyote.AbstractProtocol.destroy Destroying ProtocolHandler ["http-nio-8080"]
06-May-2017 18:08:12.698 信息 [Thread-5] org.apache.coyote.AbstractProtocol.destroy Destroying ProtocolHandler ["ajp-nio-8009"]
06-May-2017 18:08:48.825 信息 [main] org.apache.catalina.startup.VersionLoggerListener.log Server version:        Apache Tomcat/9.0.0.M20
06-May-2017 18:08:48.825 信息 [main] org.apache.catalina.startup.VersionLoggerListener.log Server built:          Apr 12 2017 19:27:10 UTC
06-May-2017 18:08:48.825 信息 [main] org.apache.catalina.startup.VersionLoggerListener.log Server number:         9.0.0.0
06-May-2017 18:08:48.825 信息 [main] org.apache.catalina.startup.VersionLoggerListener.log OS Name:               Windows 10
06-May-2017 18:08:48.825 信息 [main] org.apache.catalina.startup.VersionLoggerListener.log OS Version:            10.0
06-May-2017 18:08:48.825 信息 [main] org.apache.catalina.startup.VersionLoggerListener.log Architecture:          amd64
06-May-2017 18:08:48.825 信息 [main] org.apache.catalina.startup.VersionLoggerListener.log Java Home:             C:\Program Files\Java\jdk1.8.0_77\jre
06-May-2017 18:08:48.825 信息 [main] org.apache.catalina.startup.VersionLoggerListener.log JVM Version:           1.8.0_77-b03
06-May-2017 18:08:48.825 信息 [main] org.apache.catalina.startup.VersionLoggerListener.log JVM Vendor:            Oracle Corporation
06-May-2017 18:08:48.825 信息 [main] org.apache.catalina.startup.VersionLoggerListener.log CATALINA_BASE:         C:\Users\HAN\Desktop\apache-tomcat-9.0.0.M20
06-May-2017 18:08:48.825 信息 [main] org.apache.catalina.startup.VersionLoggerListener.log CATALINA_HOME:         C:\Users\HAN\Desktop\apache-tomcat-9.0.0.M20
06-May-2017 18:08:48.825 信息 [main] org.apache.catalina.startup.VersionLoggerListener.log Command line argument: -Djava.util.logging.config.file=C:\Users\HAN\Desktop\apache-tomcat-9.0.0.M20\conf\logging.properties
06-May-2017 18:08:48.825 信息 [main] org.apache.catalina.startup.VersionLoggerListener.log Command line argument: -Djava.util.logging.manager=org.apache.juli.ClassLoaderLogManager
06-May-2017 18:08:48.825 信息 [main] org.apache.catalina.startup.VersionLoggerListener.log Command line argument: -Djdk.tls.ephemeralDHKeySize=2048
06-May-2017 18:08:48.825 信息 [main] org.apache.catalina.startup.VersionLoggerListener.log Command line argument: -Djava.protocol.handler.pkgs=org.apache.catalina.webresources
06-May-2017 18:08:48.825 信息 [main] org.apache.catalina.startup.VersionLoggerListener.log Command line argument: -Dcatalina.base=C:\Users\HAN\Desktop\apache-tomcat-9.0.0.M20
06-May-2017 18:08:48.825 信息 [main] org.apache.catalina.startup.VersionLoggerListener.log Command line argument: -Dcatalina.home=C:\Users\HAN\Desktop\apache-tomcat-9.0.0.M20
06-May-2017 18:08:48.825 信息 [main] org.apache.catalina.startup.VersionLoggerListener.log Command line argument: -Djava.io.tmpdir=C:\Users\HAN\Desktop\apache-tomcat-9.0.0.M20\temp
06-May-2017 18:08:48.825 信息 [main] org.apache.catalina.core.AprLifecycleListener.lifecycleEvent The APR based Apache Tomcat Native library which allows optimal performance in production environments was not found on the java.library.path: [C:\Program Files\Java\jdk1.8.0_77\bin;C:\WINDOWS\Sun\Java\bin;C:\WINDOWS\system32;C:\WINDOWS;C:\ProgramData\Oracle\Java\javapath;C:\Windows\system32;C:\Windows;C:\Windows\System32\Wbem;C:\Windows\System32\WindowsPowerShell\v1.0\;C:\Program Files (x86)\NVIDIA Corporation\PhysX\Common;C:\WINDOWS\system32;C:\WINDOWS;C:\WINDOWS\System32\Wbem;C:\WINDOWS\System32\WindowsPowerShell\v1.0\;C:\Program Files\Microsoft SQL Server\130\Tools\Binn\;C:\Program Files (x86)\Windows Kits\10\Windows Performance Toolkit\;C:\Program Files\MySQL\MySQL Utilities 1.6\;C:\Program Files\Java\jdk1.8.0_77\bin;C:\Program Files\Java\jdk1.8.0_77\jre\bin;C:\Users\HAN\AppData\Local\Microsoft\WindowsApps;;.]
06-May-2017 18:08:48.903 信息 [main] org.apache.coyote.AbstractProtocol.init Initializing ProtocolHandler ["http-nio-8080"]
06-May-2017 18:08:48.934 信息 [main] org.apache.tomcat.util.net.NioSelectorPool.getSharedSelector Using a shared selector for servlet write/read
06-May-2017 18:08:48.934 信息 [main] org.apache.coyote.AbstractProtocol.init Initializing ProtocolHandler ["ajp-nio-8009"]
06-May-2017 18:08:48.934 信息 [main] org.apache.tomcat.util.net.NioSelectorPool.getSharedSelector Using a shared selector for servlet write/read
06-May-2017 18:08:48.934 信息 [main] org.apache.catalina.startup.Catalina.load Initialization processed in 369 ms
06-May-2017 18:08:48.950 信息 [main] org.apache.catalina.core.StandardService.startInternal Starting service [Catalina]
06-May-2017 18:08:48.950 信息 [main] org.apache.catalina.core.StandardEngine.startInternal Starting Servlet Engine: Apache Tomcat/9.0.0.M20
06-May-2017 18:08:48.966 信息 [main] org.apache.catalina.startup.HostConfig.deployWAR Deploying web application archive [C:\Users\HAN\Desktop\apache-tomcat-9.0.0.M20\webapps\cloud.war]
06-May-2017 18:08:49.325 信息 [main] org.apache.jasper.servlet.TldScanner.scanJars At least one JAR was scanned for TLDs yet contained no TLDs. Enable debug logging for this logger for a complete list of JARs that were scanned but no TLDs were found in them. Skipping unneeded JARs during scanning can improve startup time and JSP compilation time.
06-May-2017 18:08:49.372 信息 [main] org.apache.catalina.startup.HostConfig.deployWAR Deployment of web application archive [C:\Users\HAN\Desktop\apache-tomcat-9.0.0.M20\webapps\cloud.war] has finished in [406] ms
06-May-2017 18:08:49.372 信息 [main] org.apache.catalina.startup.HostConfig.deployDirectory Deploying web application directory [C:\Users\HAN\Desktop\apache-tomcat-9.0.0.M20\webapps\docs]
06-May-2017 18:08:49.387 信息 [main] org.apache.catalina.startup.HostConfig.deployDirectory Deployment of web application directory [C:\Users\HAN\Desktop\apache-tomcat-9.0.0.M20\webapps\docs] has finished in [15] ms
06-May-2017 18:08:49.387 信息 [main] org.apache.catalina.startup.HostConfig.deployDirectory Deploying web application directory [C:\Users\HAN\Desktop\apache-tomcat-9.0.0.M20\webapps\examples]
06-May-2017 18:08:49.575 信息 [main] org.apache.catalina.startup.HostConfig.deployDirectory Deployment of web application directory [C:\Users\HAN\Desktop\apache-tomcat-9.0.0.M20\webapps\examples] has finished in [172] ms
06-May-2017 18:08:49.575 信息 [main] org.apache.catalina.startup.HostConfig.deployDirectory Deploying web application directory [C:\Users\HAN\Desktop\apache-tomcat-9.0.0.M20\webapps\host-manager]
06-May-2017 18:08:49.591 信息 [main] org.apache.catalina.startup.HostConfig.deployDirectory Deployment of web application directory [C:\Users\HAN\Desktop\apache-tomcat-9.0.0.M20\webapps\host-manager] has finished in [16] ms
06-May-2017 18:08:49.591 信息 [main] org.apache.catalina.startup.HostConfig.deployDirectory Deploying web application directory [C:\Users\HAN\Desktop\apache-tomcat-9.0.0.M20\webapps\manager]
06-May-2017 18:08:49.606 信息 [main] org.apache.catalina.startup.HostConfig.deployDirectory Deployment of web application directory [C:\Users\HAN\Desktop\apache-tomcat-9.0.0.M20\webapps\manager] has finished in [15] ms
06-May-2017 18:08:49.606 信息 [main] org.apache.catalina.startup.HostConfig.deployDirectory Deploying web application directory [C:\Users\HAN\Desktop\apache-tomcat-9.0.0.M20\webapps\ROOT]
06-May-2017 18:08:49.606 信息 [main] org.apache.catalina.startup.HostConfig.deployDirectory Deployment of web application directory [C:\Users\HAN\Desktop\apache-tomcat-9.0.0.M20\webapps\ROOT] has finished in [0] ms
06-May-2017 18:08:49.622 信息 [main] org.apache.coyote.AbstractProtocol.start Starting ProtocolHandler ["http-nio-8080"]
06-May-2017 18:08:49.622 信息 [main] org.apache.coyote.AbstractProtocol.start Starting ProtocolHandler ["ajp-nio-8009"]
06-May-2017 18:08:49.622 信息 [main] org.apache.catalina.startup.Catalina.start Server startup in 692 ms
06-May-2017 18:11:32.520 信息 [Thread-5] org.apache.coyote.AbstractProtocol.pause Pausing ProtocolHandler ["http-nio-8080"]
06-May-2017 18:11:32.614 信息 [Thread-5] org.apache.coyote.AbstractProtocol.pause Pausing ProtocolHandler ["ajp-nio-8009"]
06-May-2017 18:11:32.645 信息 [Thread-5] org.apache.catalina.core.StandardService.stopInternal Stopping service [Catalina]
06-May-2017 18:11:32.661 信息 [Thread-5] org.apache.coyote.AbstractProtocol.stop Stopping ProtocolHandler ["http-nio-8080"]
06-May-2017 18:11:32.661 信息 [Thread-5] org.apache.coyote.AbstractProtocol.stop Stopping ProtocolHandler ["ajp-nio-8009"]
06-May-2017 18:11:32.661 信息 [Thread-5] org.apache.coyote.AbstractProtocol.destroy Destroying ProtocolHandler ["http-nio-8080"]
06-May-2017 18:11:32.661 信息 [Thread-5] org.apache.coyote.AbstractProtocol.destroy Destroying ProtocolHandler ["ajp-nio-8009"]
