08-May-2017 00:32:13.428 信息 [main] org.apache.catalina.startup.VersionLoggerListener.log Server version:        Apache Tomcat/9.0.0.M20
08-May-2017 00:32:13.439 信息 [main] org.apache.catalina.startup.VersionLoggerListener.log Server built:          Apr 12 2017 19:27:10 UTC
08-May-2017 00:32:13.439 信息 [main] org.apache.catalina.startup.VersionLoggerListener.log Server number:         9.0.0.0
08-May-2017 00:32:13.439 信息 [main] org.apache.catalina.startup.VersionLoggerListener.log OS Name:               Windows 10
08-May-2017 00:32:13.440 信息 [main] org.apache.catalina.startup.VersionLoggerListener.log OS Version:            10.0
08-May-2017 00:32:13.440 信息 [main] org.apache.catalina.startup.VersionLoggerListener.log Architecture:          amd64
08-May-2017 00:32:13.440 信息 [main] org.apache.catalina.startup.VersionLoggerListener.log Java Home:             C:\Program Files\Java\jdk1.8.0_77\jre
08-May-2017 00:32:13.440 信息 [main] org.apache.catalina.startup.VersionLoggerListener.log JVM Version:           1.8.0_77-b03
08-May-2017 00:32:13.440 信息 [main] org.apache.catalina.startup.VersionLoggerListener.log JVM Vendor:            Oracle Corporation
08-May-2017 00:32:13.441 信息 [main] org.apache.catalina.startup.VersionLoggerListener.log CATALINA_BASE:         C:\Users\HAN\Desktop\apache-tomcat-9.0.0.M20
08-May-2017 00:32:13.441 信息 [main] org.apache.catalina.startup.VersionLoggerListener.log CATALINA_HOME:         C:\Users\HAN\Desktop\apache-tomcat-9.0.0.M20
08-May-2017 00:32:13.442 信息 [main] org.apache.catalina.startup.VersionLoggerListener.log Command line argument: -Djava.util.logging.config.file=C:\Users\HAN\Desktop\apache-tomcat-9.0.0.M20\conf\logging.properties
08-May-2017 00:32:13.443 信息 [main] org.apache.catalina.startup.VersionLoggerListener.log Command line argument: -Djava.util.logging.manager=org.apache.juli.ClassLoaderLogManager
08-May-2017 00:32:13.444 信息 [main] org.apache.catalina.startup.VersionLoggerListener.log Command line argument: -Djdk.tls.ephemeralDHKeySize=2048
08-May-2017 00:32:13.444 信息 [main] org.apache.catalina.startup.VersionLoggerListener.log Command line argument: -Djava.protocol.handler.pkgs=org.apache.catalina.webresources
08-May-2017 00:32:13.445 信息 [main] org.apache.catalina.startup.VersionLoggerListener.log Command line argument: -Dcatalina.base=C:\Users\HAN\Desktop\apache-tomcat-9.0.0.M20
08-May-2017 00:32:13.445 信息 [main] org.apache.catalina.startup.VersionLoggerListener.log Command line argument: -Dcatalina.home=C:\Users\HAN\Desktop\apache-tomcat-9.0.0.M20
08-May-2017 00:32:13.446 信息 [main] org.apache.catalina.startup.VersionLoggerListener.log Command line argument: -Djava.io.tmpdir=C:\Users\HAN\Desktop\apache-tomcat-9.0.0.M20\temp
08-May-2017 00:32:13.446 信息 [main] org.apache.catalina.core.AprLifecycleListener.lifecycleEvent The APR based Apache Tomcat Native library which allows optimal performance in production environments was not found on the java.library.path: [C:\Program Files\Java\jdk1.8.0_77\bin;C:\WINDOWS\Sun\Java\bin;C:\WINDOWS\system32;C:\WINDOWS;C:\ProgramData\Oracle\Java\javapath;C:\Windows\system32;C:\Windows;C:\Windows\System32\Wbem;C:\Windows\System32\WindowsPowerShell\v1.0\;C:\Program Files (x86)\NVIDIA Corporation\PhysX\Common;C:\WINDOWS\system32;C:\WINDOWS;C:\WINDOWS\System32\Wbem;C:\WINDOWS\System32\WindowsPowerShell\v1.0\;C:\Program Files\Microsoft SQL Server\130\Tools\Binn\;C:\Program Files (x86)\Windows Kits\10\Windows Performance Toolkit\;C:\Program Files\MySQL\MySQL Utilities 1.6\;C:\Program Files\Java\jdk1.8.0_77\bin;C:\Program Files\Java\jdk1.8.0_77\jre\bin;C:\Users\HAN\AppData\Local\Microsoft\WindowsApps;;.]
08-May-2017 00:32:13.787 信息 [main] org.apache.coyote.AbstractProtocol.init Initializing ProtocolHandler ["http-nio-8080"]
08-May-2017 00:32:13.809 信息 [main] org.apache.tomcat.util.net.NioSelectorPool.getSharedSelector Using a shared selector for servlet write/read
08-May-2017 00:32:13.812 信息 [main] org.apache.coyote.AbstractProtocol.init Initializing ProtocolHandler ["ajp-nio-8009"]
08-May-2017 00:32:13.813 信息 [main] org.apache.tomcat.util.net.NioSelectorPool.getSharedSelector Using a shared selector for servlet write/read
08-May-2017 00:32:13.814 信息 [main] org.apache.catalina.startup.Catalina.load Initialization processed in 664 ms
08-May-2017 00:32:13.837 信息 [main] org.apache.catalina.core.StandardService.startInternal Starting service [Catalina]
08-May-2017 00:32:13.837 信息 [main] org.apache.catalina.core.StandardEngine.startInternal Starting Servlet Engine: Apache Tomcat/9.0.0.M20
08-May-2017 00:32:13.858 信息 [main] org.apache.catalina.startup.HostConfig.deployWAR Deploying web application archive [C:\Users\HAN\Desktop\apache-tomcat-9.0.0.M20\webapps\cloud.war]
08-May-2017 00:32:14.479 信息 [main] org.apache.jasper.servlet.TldScanner.scanJars At least one JAR was scanned for TLDs yet contained no TLDs. Enable debug logging for this logger for a complete list of JARs that were scanned but no TLDs were found in them. Skipping unneeded JARs during scanning can improve startup time and JSP compilation time.
08-May-2017 00:32:14.552 信息 [main] org.apache.catalina.startup.HostConfig.deployWAR Deployment of web application archive [C:\Users\HAN\Desktop\apache-tomcat-9.0.0.M20\webapps\cloud.war] has finished in [693] ms
08-May-2017 00:32:14.553 信息 [main] org.apache.catalina.startup.HostConfig.deployDirectory Deploying web application directory [C:\Users\HAN\Desktop\apache-tomcat-9.0.0.M20\webapps\docs]
08-May-2017 00:32:14.570 信息 [main] org.apache.catalina.startup.HostConfig.deployDirectory Deployment of web application directory [C:\Users\HAN\Desktop\apache-tomcat-9.0.0.M20\webapps\docs] has finished in [17] ms
08-May-2017 00:32:14.570 信息 [main] org.apache.catalina.startup.HostConfig.deployDirectory Deploying web application directory [C:\Users\HAN\Desktop\apache-tomcat-9.0.0.M20\webapps\examples]
08-May-2017 00:32:15.299 信息 [main] org.apache.catalina.startup.HostConfig.deployDirectory Deployment of web application directory [C:\Users\HAN\Desktop\apache-tomcat-9.0.0.M20\webapps\examples] has finished in [729] ms
08-May-2017 00:32:15.299 信息 [main] org.apache.catalina.startup.HostConfig.deployDirectory Deploying web application directory [C:\Users\HAN\Desktop\apache-tomcat-9.0.0.M20\webapps\host-manager]
08-May-2017 00:32:15.328 信息 [main] org.apache.catalina.startup.HostConfig.deployDirectory Deployment of web application directory [C:\Users\HAN\Desktop\apache-tomcat-9.0.0.M20\webapps\host-manager] has finished in [29] ms
08-May-2017 00:32:15.329 信息 [main] org.apache.catalina.startup.HostConfig.deployDirectory Deploying web application directory [C:\Users\HAN\Desktop\apache-tomcat-9.0.0.M20\webapps\manager]
08-May-2017 00:32:15.356 信息 [main] org.apache.catalina.startup.HostConfig.deployDirectory Deployment of web application directory [C:\Users\HAN\Desktop\apache-tomcat-9.0.0.M20\webapps\manager] has finished in [27] ms
08-May-2017 00:32:15.356 信息 [main] org.apache.catalina.startup.HostConfig.deployDirectory Deploying web application directory [C:\Users\HAN\Desktop\apache-tomcat-9.0.0.M20\webapps\ROOT]
08-May-2017 00:32:15.375 信息 [main] org.apache.catalina.startup.HostConfig.deployDirectory Deployment of web application directory [C:\Users\HAN\Desktop\apache-tomcat-9.0.0.M20\webapps\ROOT] has finished in [19] ms
08-May-2017 00:32:15.377 信息 [main] org.apache.coyote.AbstractProtocol.start Starting ProtocolHandler ["http-nio-8080"]
08-May-2017 00:32:15.385 信息 [main] org.apache.coyote.AbstractProtocol.start Starting ProtocolHandler ["ajp-nio-8009"]
08-May-2017 00:32:15.387 信息 [main] org.apache.catalina.startup.Catalina.start Server startup in 1572 ms
08-May-2017 00:32:17.159 信息 [Thread-5] org.apache.coyote.AbstractProtocol.pause Pausing ProtocolHandler ["http-nio-8080"]
08-May-2017 00:32:17.266 信息 [Thread-5] org.apache.coyote.AbstractProtocol.pause Pausing ProtocolHandler ["ajp-nio-8009"]
08-May-2017 00:32:17.313 信息 [Thread-5] org.apache.catalina.core.StandardService.stopInternal Stopping service [Catalina]
08-May-2017 00:32:17.332 信息 [Thread-5] org.apache.coyote.AbstractProtocol.stop Stopping ProtocolHandler ["http-nio-8080"]
08-May-2017 00:32:17.334 信息 [Thread-5] org.apache.coyote.AbstractProtocol.stop Stopping ProtocolHandler ["ajp-nio-8009"]
08-May-2017 00:32:17.336 信息 [Thread-5] org.apache.coyote.AbstractProtocol.destroy Destroying ProtocolHandler ["http-nio-8080"]
08-May-2017 00:32:17.337 信息 [Thread-5] org.apache.coyote.AbstractProtocol.destroy Destroying ProtocolHandler ["ajp-nio-8009"]
